<?xml version="1.0" encoding="UTF-8"?>
<coverage generated="1721913434061" clover="3.2.0">
  <project timestamp="1721913434061" name="All files">
    <metrics statements="7" coveredstatements="7" conditionals="0" coveredconditionals="0" methods="3" coveredmethods="3" elements="10" coveredelements="10" complexity="0" loc="7" ncloc="7" packages="1" files="1" classes="1"/>
    <file name="ProductList.tsx" path="/Users/renana/labs/mfe/products/src/components/ProductList.tsx">
      <metrics statements="7" coveredstatements="7" conditionals="0" coveredconditionals="0" methods="3" coveredmethods="3"/>
      <line num="1" count="1" type="stmt"/>
      <line num="2" count="1" type="stmt"/>
      <line num="4" count="1" type="stmt"/>
      <line num="6" count="20" type="stmt"/>
      <line num="8" count="2" type="stmt"/>
      <line num="12" count="20" type="stmt"/>
      <line num="17" count="1" type="stmt"/>
    </file>
  </project>
</coverage>
