{"/Users/renana/labs/mfe/products/src/components/ProductList.tsx": {"path":"/Users/renana/labs/mfe/products/src/components/ProductList.tsx","statementMap":{"0":{"start":{"line":1,"column":0},"end":{"line":1,"column":30}},"1":{"start":{"line":2,"column":0},"end":{"line":2,"column":39}},"2":{"start":{"line":4,"column":21},"end":{"line":16,"column":1}},"3":{"start":{"line":6,"column":21},"end":{"line":6,"column":124}},"4":{"start":{"line":6,"column":53},"end":{"line":6,"column":122}},"5":{"start":{"line":8,"column":4},"end":{"line":15,"column":null}},"6":{"start":{"line":12,"column":38},"end":{"line":12,"column":98}},"7":{"start":{"line":17,"column":0},"end":{"line":17,"column":27}}},"fnMap":{"0":{"name":"(anonymous_6)","decl":{"start":{"line":4,"column":21},"end":{"line":4,"column":24}},"loc":{"start":{"line":4,"column":26},"end":{"line":16,"column":1}}},"1":{"name":"(anonymous_7)","decl":{"start":{"line":6,"column":46},"end":{"line":6,"column":49}},"loc":{"start":{"line":6,"column":53},"end":{"line":6,"column":122}}},"2":{"name":"(anonymous_8)","decl":{"start":{"line":12,"column":27},"end":{"line":12,"column":34}},"loc":{"start":{"line":12,"column":38},"end":{"line":12,"column":98}}}},"branchMap":{},"s":{"0":1,"1":1,"2":1,"3":2,"4":20,"5":2,"6":20,"7":1},"f":{"0":2,"1":20,"2":20},"b":{}}
}
